\BOOKMARK [0][-]{section*.1}{\376\377\000O\000r\000a\000l\000\040\000D\000e\000f\000e\000n\000s\000e\000\040\000R\000e\000c\000o\000m\000m\000e\000n\000d\000a\000t\000i\000o\000n\000\040\000S\000h\000e\000e\000t}{}% 1
\BOOKMARK [0][-]{section*.2}{\376\377\000A\000b\000s\000t\000r\000a\000c\000t}{}% 2
\BOOKMARK [0][-]{section*.4}{\376\377\000T\000a\000b\000l\000e\000\040\000o\000f\000\040\000C\000o\000n\000t\000e\000n\000t\000s}{}% 3
\BOOKMARK [0][-]{section*.5}{\376\377\000L\000i\000s\000t\000\040\000o\000f\000\040\000F\000i\000g\000u\000r\000e\000s}{}% 4
\BOOKMARK [0][-]{section*.6}{\376\377\000L\000i\000s\000t\000\040\000o\000f\000\040\000T\000a\000b\000l\000e\000s}{}% 5
\BOOKMARK [0][-]{section*.7}{\376\377\000A\000b\000b\000r\000e\000v\000i\000a\000t\000i\000o\000n\000s\000\040\000a\000n\000d\000\040\000A\000c\000r\000o\000n\000y\000m\000s}{}% 6
\BOOKMARK [0][-]{section*.9}{\376\377\000N\000o\000t\000a\000t\000i\000o\000n\000s}{}% 7
\BOOKMARK [0][-]{section*.11}{\376\377\000G\000l\000o\000s\000s\000a\000r\000y}{}% 8
\BOOKMARK [0][-]{section*.13}{\376\377\000L\000i\000s\000t\000i\000n\000g\000s}{}% 9
\BOOKMARK [0][-]{chapter.1}{\376\377\000I\000n\000t\000r\000o\000d\000u\000c\000t\000i\000o\000n}{}% 10
\BOOKMARK [1][-]{section.1.1}{\376\377\000B\000a\000c\000k\000g\000r\000o\000u\000n\000d\000\040\000o\000f\000\040\000t\000h\000e\000\040\000S\000t\000u\000d\000y}{chapter.1}% 11
\BOOKMARK [1][-]{section.1.2}{\376\377\000P\000r\000i\000o\000r\000\040\000S\000t\000u\000d\000i\000e\000s}{chapter.1}% 12
\BOOKMARK [1][-]{section.1.3}{\376\377\000P\000r\000o\000b\000l\000e\000m\000\040\000S\000t\000a\000t\000e\000m\000e\000n\000t}{chapter.1}% 13
\BOOKMARK [1][-]{section.1.4}{\376\377\000O\000b\000j\000e\000c\000t\000i\000v\000e\000s\000\040\000a\000n\000d\000\040\000D\000e\000l\000i\000v\000e\000r\000a\000b\000l\000e\000s}{chapter.1}% 14
\BOOKMARK [2][-]{subsection.1.4.1}{\376\377\000G\000e\000n\000e\000r\000a\000l\000\040\000O\000b\000j\000e\000c\000t\000i\000v\000e\000\040\000\050\000G\000O\000\051}{section.1.4}% 15
\BOOKMARK [2][-]{subsection.1.4.2}{\376\377\000S\000p\000e\000c\000i\000f\000i\000c\000\040\000O\000b\000j\000e\000c\000t\000i\000v\000e\000s\000\040\000\050\000S\000O\000s\000\051}{section.1.4}% 16
\BOOKMARK [2][-]{subsection.1.4.3}{\376\377\000E\000x\000p\000e\000c\000t\000e\000d\000\040\000D\000e\000l\000i\000v\000e\000r\000a\000b\000l\000e\000s}{section.1.4}% 17
\BOOKMARK [1][-]{section.1.5}{\376\377\000S\000i\000g\000n\000i\000f\000i\000c\000a\000n\000c\000e\000\040\000o\000f\000\040\000t\000h\000e\000\040\000S\000t\000u\000d\000y}{chapter.1}% 18
\BOOKMARK [2][-]{subsection.1.5.1}{\376\377\000T\000e\000c\000h\000n\000i\000c\000a\000l\000\040\000B\000e\000n\000e\000f\000i\000t}{section.1.5}% 19
\BOOKMARK [2][-]{subsection.1.5.2}{\376\377\000S\000o\000c\000i\000a\000l\000\040\000I\000m\000p\000a\000c\000t}{section.1.5}% 20
\BOOKMARK [2][-]{subsection.1.5.3}{\376\377\000E\000n\000v\000i\000r\000o\000n\000m\000e\000n\000t\000a\000l\000\040\000W\000e\000l\000f\000a\000r\000e}{section.1.5}% 21
\BOOKMARK [1][-]{section.1.6}{\376\377\000A\000s\000s\000u\000m\000p\000t\000i\000o\000n\000s\000,\000\040\000S\000c\000o\000p\000e\000,\000\040\000a\000n\000d\000\040\000D\000e\000l\000i\000m\000i\000t\000a\000t\000i\000o\000n\000s}{chapter.1}% 22
\BOOKMARK [2][-]{subsection.1.6.1}{\376\377\000A\000s\000s\000u\000m\000p\000t\000i\000o\000n\000s}{section.1.6}% 23
\BOOKMARK [2][-]{subsection.1.6.2}{\376\377\000S\000c\000o\000p\000e}{section.1.6}% 24
\BOOKMARK [2][-]{subsection.1.6.3}{\376\377\000D\000e\000l\000i\000m\000i\000t\000a\000t\000i\000o\000n\000s}{section.1.6}% 25
\BOOKMARK [1][-]{section.1.7}{\376\377\000E\000s\000t\000i\000m\000a\000t\000e\000d\000\040\000W\000o\000r\000k\000\040\000S\000c\000h\000e\000d\000u\000l\000e\000\040\000a\000n\000d\000\040\000B\000u\000d\000g\000e\000t}{chapter.1}% 26
\BOOKMARK [1][-]{section.1.8}{\376\377\000O\000v\000e\000r\000v\000i\000e\000w\000\040\000o\000f\000\040\000t\000h\000e\000\040\000T\000h\000e\000s\000i\000s}{chapter.1}% 27
\BOOKMARK [0][-]{chapter.2}{\376\377\000L\000i\000t\000e\000r\000a\000t\000u\000r\000e\000\040\000R\000e\000v\000i\000e\000w}{}% 28
\BOOKMARK [1][-]{section.2.1}{\376\377\000E\000x\000i\000s\000t\000i\000n\000g\000\040\000W\000o\000r\000k}{chapter.2}% 29
\BOOKMARK [2][-]{subsection.2.1.1}{\376\377\000S\000o\000r\000t\000i\000n\000g\000\040\000A\000l\000g\000o\000r\000i\000t\000h\000m\000s}{section.2.1}% 30
\BOOKMARK [1][-]{section.2.2}{\376\377\000L\000a\000c\000k\000i\000n\000g\000\040\000i\000n\000\040\000t\000h\000e\000\040\000A\000p\000p\000r\000o\000a\000c\000h\000e\000s}{chapter.2}% 31
\BOOKMARK [1][-]{section.2.3}{\376\377\000S\000u\000m\000m\000a\000r\000y}{chapter.2}% 32
\BOOKMARK [0][-]{chapter.3}{\376\377\000T\000h\000e\000o\000r\000e\000t\000i\000c\000a\000l\000\040\000C\000o\000n\000s\000i\000d\000e\000r\000a\000t\000i\000o\000n\000s}{}% 33
\BOOKMARK [1][-]{section.3.1}{\376\377\000I\000n\000t\000r\000o\000d\000u\000c\000t\000i\000o\000n}{chapter.3}% 34
\BOOKMARK [1][-]{section.3.2}{\376\377\000R\000e\000l\000e\000v\000a\000n\000t\000\040\000T\000h\000e\000o\000r\000i\000e\000s\000\040\000a\000n\000d\000\040\000M\000o\000d\000e\000l\000s}{chapter.3}% 35
\BOOKMARK [1][-]{section.3.3}{\376\377\000T\000e\000c\000h\000n\000i\000c\000a\000l\000\040\000B\000a\000c\000k\000g\000r\000o\000u\000n\000d}{chapter.3}% 36
\BOOKMARK [1][-]{section.3.4}{\376\377\000C\000o\000n\000c\000e\000p\000t\000u\000a\000l\000\040\000F\000r\000a\000m\000e\000w\000o\000r\000k\000\040\000B\000a\000c\000k\000g\000r\000o\000u\000n\000d}{chapter.3}% 37
\BOOKMARK [1][-]{section.3.5}{\376\377\000S\000o\000f\000t\000w\000a\000r\000e\000\040\000C\000o\000n\000c\000e\000p\000t\000s}{chapter.3}% 38
\BOOKMARK [2][-]{subsection.3.5.1}{\376\377\000T\000h\000r\000e\000s\000h\000o\000l\000d\000i\000n\000g}{section.3.5}% 39
\BOOKMARK [2][-]{subsection.3.5.2}{\376\377\000O\000b\000j\000e\000c\000t\000\040\000S\000i\000z\000e\000\040\000C\000a\000l\000c\000u\000l\000a\000t\000i\000o\000n}{section.3.5}% 40
\BOOKMARK [2][-]{subsection.3.5.3}{\376\377\000C\000o\000n\000v\000o\000l\000u\000t\000i\000o\000n\000a\000l\000\040\000N\000e\000u\000r\000a\000l\000\040\000N\000e\000t\000w\000o\000r\000k}{section.3.5}% 41
\BOOKMARK [1][-]{section.3.6}{\376\377\000H\000a\000r\000d\000w\000a\000r\000e\000\040\000C\000o\000n\000c\000e\000p\000t\000s}{chapter.3}% 42
\BOOKMARK [2][-]{subsection.3.6.1}{\376\377\000C\000a\000m\000e\000r\000a\000\040\000M\000o\000d\000u\000l\000e}{section.3.6}% 43
\BOOKMARK [2][-]{subsection.3.6.2}{\376\377\0004\000\040\000C\000h\000a\000n\000n\000e\000l\000\040\000R\000e\000l\000a\000y}{section.3.6}% 44
\BOOKMARK [2][-]{subsection.3.6.3}{\376\377\000G\000e\000a\000r\000\040\000R\000a\000t\000i\000o}{section.3.6}% 45
\BOOKMARK [1][-]{section.3.7}{\376\377\000S\000u\000m\000m\000a\000r\000y}{chapter.3}% 46
\BOOKMARK [0][-]{chapter.4}{\376\377\000D\000e\000s\000i\000g\000n\000\040\000C\000o\000n\000s\000i\000d\000e\000r\000a\000t\000i\000o\000n\000s}{}% 47
\BOOKMARK [1][-]{section.4.1}{\376\377\000I\000n\000t\000r\000o\000d\000u\000c\000t\000i\000o\000n}{chapter.4}% 48
\BOOKMARK [1][-]{section.4.2}{\376\377\000S\000y\000s\000t\000e\000m\000\040\000A\000r\000c\000h\000i\000t\000e\000c\000t\000u\000r\000e}{chapter.4}% 49
\BOOKMARK [1][-]{section.4.3}{\376\377\000H\000a\000r\000d\000w\000a\000r\000e\000\040\000C\000o\000n\000s\000i\000d\000e\000r\000a\000t\000i\000o\000n\000s}{chapter.4}% 50
\BOOKMARK [2][-]{subsection.4.3.1}{\376\377\000G\000e\000n\000e\000r\000a\000l\000\040\000P\000r\000o\000t\000o\000t\000y\000p\000e\000\040\000F\000r\000a\000m\000e\000w\000o\000r\000k}{section.4.3}% 51
\BOOKMARK [2][-]{subsection.4.3.2}{\376\377\000P\000r\000o\000t\000o\000t\000y\000p\000e\000\040\000F\000l\000o\000w\000c\000h\000a\000r\000t}{section.4.3}% 52
\BOOKMARK [2][-]{subsection.4.3.3}{\376\377\000P\000r\000o\000t\000o\000t\000y\000p\000e\000\040\0003\000D\000\040\000M\000o\000d\000e\000l}{section.4.3}% 53
\BOOKMARK [2][-]{subsection.4.3.4}{\376\377\000H\000a\000r\000d\000w\000a\000r\000e\000\040\000S\000p\000e\000c\000i\000f\000i\000c\000a\000t\000i\000o\000n\000s}{section.4.3}% 54
\BOOKMARK [3][-]{subsubsection.4.3.4.1}{\376\377\000R\000a\000s\000p\000b\000e\000r\000r\000y\000\040\000P\000i}{subsection.4.3.4}% 55
\BOOKMARK [3][-]{subsubsection.4.3.4.2}{\376\377\000R\000a\000s\000p\000b\000e\000r\000r\000y\000\040\000P\000i\000\040\000C\000a\000m\000e\000r\000a}{subsection.4.3.4}% 56
\BOOKMARK [3][-]{subsubsection.4.3.4.3}{\376\377\000D\000C\000\040\000M\000o\000t\000o\000r}{subsection.4.3.4}% 57
\BOOKMARK [3][-]{subsubsection.4.3.4.4}{\376\377\000M\000i\000c\000r\000o\000S\000D\000\040\000C\000a\000r\000d}{subsection.4.3.4}% 58
\BOOKMARK [3][-]{subsubsection.4.3.4.5}{\376\377\000L\000E\000D\000\040\000L\000i\000g\000h\000t\000s}{subsection.4.3.4}% 59
\BOOKMARK [3][-]{subsubsection.4.3.4.6}{\376\377\000P\000o\000w\000e\000r\000\040\000S\000u\000p\000p\000l\000y}{subsection.4.3.4}% 60
\BOOKMARK [3][-]{subsubsection.4.3.4.7}{\376\377\0004\000\040\000C\000h\000a\000n\000n\000e\000l\000\040\000R\000e\000l\000a\000y\000\040\000M\000o\000d\000u\000l\000e}{subsection.4.3.4}% 61
\BOOKMARK [1][-]{section.4.4}{\376\377\000S\000o\000f\000t\000w\000a\000r\000e\000\040\000C\000o\000n\000s\000i\000d\000e\000r\000a\000t\000i\000o\000n\000s}{chapter.4}% 62
\BOOKMARK [2][-]{subsection.4.4.1}{\376\377\000P\000y\000T\000o\000r\000c\000h}{section.4.4}% 63
\BOOKMARK [2][-]{subsection.4.4.2}{\376\377\000O\000p\000e\000n\000C\000V}{section.4.4}% 64
\BOOKMARK [2][-]{subsection.4.4.3}{\376\377\000C\000u\000s\000t\000o\000m\000T\000k\000i\000n\000t\000e\000r}{section.4.4}% 65
\BOOKMARK [1][-]{section.4.5}{\376\377\000S\000e\000c\000u\000r\000i\000t\000y\000\040\000a\000n\000d\000\040\000R\000e\000l\000i\000a\000b\000i\000l\000i\000t\000y\000\040\000C\000o\000n\000s\000i\000d\000e\000r\000a\000t\000i\000o\000n\000s}{chapter.4}% 66
\BOOKMARK [1][-]{section.4.6}{\376\377\000S\000c\000a\000l\000a\000b\000i\000l\000i\000t\000y\000\040\000a\000n\000d\000\040\000E\000f\000f\000i\000c\000i\000e\000n\000c\000y\000\040\000C\000o\000n\000s\000i\000d\000e\000r\000a\000t\000i\000o\000n\000s}{chapter.4}% 67
\BOOKMARK [1][-]{section.4.7}{\376\377\000U\000s\000e\000r\000\040\000I\000n\000t\000e\000r\000f\000a\000c\000e}{chapter.4}% 68
\BOOKMARK [1][-]{section.4.8}{\376\377\000C\000o\000n\000s\000t\000r\000a\000i\000n\000t\000s\000\040\000a\000n\000d\000\040\000L\000i\000m\000i\000t\000a\000t\000i\000o\000n\000s}{chapter.4}% 69
\BOOKMARK [1][-]{section.4.9}{\376\377\000T\000e\000c\000h\000n\000i\000c\000a\000l\000\040\000S\000t\000a\000n\000d\000a\000r\000d\000s}{chapter.4}% 70
\BOOKMARK [1][-]{section.4.10}{\376\377\000P\000r\000o\000t\000o\000t\000y\000p\000i\000n\000g\000\040\000a\000n\000d\000\040\000S\000i\000m\000u\000l\000a\000t\000i\000o\000n}{chapter.4}% 71
\BOOKMARK [1][-]{section.4.11}{\376\377\000D\000e\000s\000i\000g\000n\000\040\000V\000a\000l\000i\000d\000a\000t\000i\000o\000n}{chapter.4}% 72
\BOOKMARK [1][-]{section.4.12}{\376\377\000S\000u\000m\000m\000a\000r\000y}{chapter.4}% 73
\BOOKMARK [0][-]{chapter.5}{\376\377\000M\000e\000t\000h\000o\000d\000o\000l\000o\000g\000y}{}% 74
\BOOKMARK [1][-]{section.5.1}{\376\377\000I\000n\000t\000r\000o\000d\000u\000c\000t\000i\000o\000n}{chapter.5}% 75
\BOOKMARK [1][-]{section.5.2}{\376\377\000R\000e\000s\000e\000a\000r\000c\000h\000\040\000A\000p\000p\000r\000o\000a\000c\000h}{chapter.5}% 76
\BOOKMARK [1][-]{section.5.3}{\376\377\000H\000a\000r\000d\000w\000a\000r\000e\000\040\000D\000e\000s\000i\000g\000n}{chapter.5}% 77
\BOOKMARK [1][-]{section.5.4}{\376\377\000S\000o\000f\000t\000w\000a\000r\000e\000\040\000D\000e\000s\000i\000g\000n}{chapter.5}% 78
\BOOKMARK [1][-]{section.5.5}{\376\377\000D\000a\000t\000a\000\040\000C\000o\000l\000l\000e\000c\000t\000i\000o\000n\000\040\000M\000e\000t\000h\000o\000d\000s}{chapter.5}% 79
\BOOKMARK [1][-]{section.5.6}{\376\377\000T\000e\000s\000t\000i\000n\000g\000\040\000a\000n\000d\000\040\000E\000v\000a\000l\000u\000a\000t\000i\000o\000n\000\040\000M\000e\000t\000h\000o\000d\000s}{chapter.5}% 80
\BOOKMARK [2][-]{subsection.5.6.1}{\376\377\000C\000l\000a\000s\000s\000i\000f\000i\000c\000a\000t\000i\000o\000n\000\040\000R\000e\000p\000o\000r\000t}{section.5.6}% 81
\BOOKMARK [3][-]{subsubsection.5.6.1.1}{\376\377\000C\000o\000n\000f\000u\000s\000i\000o\000n\000\040\000M\000a\000t\000r\000i\000x}{subsection.5.6.1}% 82
\BOOKMARK [3][-]{subsubsection.5.6.1.2}{\376\377\000P\000r\000e\000c\000i\000s\000i\000o\000n}{subsection.5.6.1}% 83
\BOOKMARK [3][-]{subsubsection.5.6.1.3}{\376\377\000R\000e\000c\000a\000l\000l}{subsection.5.6.1}% 84
\BOOKMARK [3][-]{subsubsection.5.6.1.4}{\376\377\000F\0001\000\040\000S\000c\000o\000r\000e}{subsection.5.6.1}% 85
\BOOKMARK [3][-]{subsubsection.5.6.1.5}{\376\377\000A\000c\000c\000u\000r\000a\000c\000y}{subsection.5.6.1}% 86
\BOOKMARK [2][-]{subsection.5.6.2}{\376\377\000R\000i\000p\000e\000n\000e\000s\000s\000\040\000T\000r\000a\000i\000n\000i\000n\000g\000\040\000a\000n\000d\000\040\000T\000e\000s\000t\000i\000n\000g}{section.5.6}% 87
\BOOKMARK [2][-]{subsection.5.6.3}{\376\377\000B\000r\000u\000i\000s\000e\000s\000\040\000T\000r\000a\000i\000n\000i\000n\000g\000\040\000a\000n\000d\000\040\000T\000e\000s\000t\000i\000n\000g}{section.5.6}% 88
\BOOKMARK [2][-]{subsection.5.6.4}{\376\377\000S\000i\000z\000e\000\040\000D\000e\000t\000e\000r\000m\000i\000n\000a\000t\000i\000o\000n}{section.5.6}% 89
\BOOKMARK [1][-]{section.5.7}{\376\377\000F\000o\000r\000m\000u\000l\000a\000\040\000f\000o\000r\000\040\000U\000s\000e\000r\000\040\000P\000r\000i\000o\000r\000i\000t\000y}{chapter.5}% 90
\BOOKMARK [1][-]{section.5.8}{\376\377\000E\000t\000h\000i\000c\000a\000l\000\040\000C\000o\000n\000s\000i\000d\000e\000r\000a\000t\000i\000o\000n\000s}{chapter.5}% 91
\BOOKMARK [1][-]{section.5.9}{\376\377\000S\000u\000m\000m\000a\000r\000y}{chapter.5}% 92
\BOOKMARK [0][-]{chapter.6}{\376\377\000R\000e\000s\000u\000l\000t\000s\000\040\000a\000n\000d\000\040\000D\000i\000s\000c\000u\000s\000s\000i\000o\000n\000s}{}% 93
\BOOKMARK [1][-]{section.6.1}{\376\377\000T\000r\000a\000i\000n\000i\000n\000g\000\040\000a\000n\000d\000\040\000T\000e\000s\000t\000i\000n\000g\000\040\000R\000e\000s\000u\000l\000t\000s\000\040\000o\000f\000\040\000t\000h\000e\000\040\000M\000o\000d\000e\000l}{chapter.6}% 94
\BOOKMARK [2][-]{subsection.6.1.1}{\376\377\000R\000i\000p\000e\000n\000e\000s\000s\000\040\000C\000l\000a\000s\000s\000i\000f\000i\000c\000a\000t\000i\000o\000n\000\040\000R\000e\000s\000u\000l\000t\000s}{section.6.1}% 95
\BOOKMARK [2][-]{subsection.6.1.2}{\376\377\000B\000r\000u\000i\000s\000e\000s\000\040\000C\000l\000a\000s\000s\000i\000f\000i\000c\000a\000t\000i\000o\000n\000\040\000R\000e\000s\000u\000l\000t\000s}{section.6.1}% 96
\BOOKMARK [1][-]{section.6.2}{\376\377\000S\000i\000z\000e\000\040\000D\000e\000t\000e\000r\000m\000i\000n\000a\000t\000i\000o\000n\000\040\000R\000e\000s\000u\000l\000t\000s}{chapter.6}% 97
\BOOKMARK [1][-]{section.6.3}{\376\377\000U\000s\000e\000r\000\040\000P\000r\000i\000o\000r\000i\000t\000y\000\040\000F\000o\000r\000m\000u\000l\000a}{chapter.6}% 98
\BOOKMARK [1][-]{section.6.4}{\376\377\000P\000h\000y\000s\000i\000c\000a\000l\000\040\000P\000r\000o\000t\000o\000t\000y\000p\000e}{chapter.6}% 99
\BOOKMARK [1][-]{section.6.5}{\376\377\000S\000o\000f\000t\000w\000a\000r\000e\000\040\000A\000p\000p\000l\000i\000c\000a\000t\000i\000o\000n}{chapter.6}% 100
\BOOKMARK [1][-]{section.6.6}{\376\377\000S\000u\000m\000m\000a\000r\000y}{chapter.6}% 101
\BOOKMARK [0][-]{chapter.7}{\376\377\000C\000o\000n\000c\000l\000u\000s\000i\000o\000n\000s\000,\000\040\000R\000e\000c\000o\000m\000m\000e\000n\000d\000a\000t\000i\000o\000n\000s\000,\000\040\000a\000n\000d\000\040\000F\000u\000t\000u\000r\000e\000\040\000D\000i\000r\000e\000c\000t\000i\000v\000e\000s}{}% 102
\BOOKMARK [1][-]{section.7.1}{\376\377\000C\000o\000n\000c\000l\000u\000d\000i\000n\000g\000\040\000R\000e\000m\000a\000r\000k\000s}{chapter.7}% 103
\BOOKMARK [1][-]{section.7.2}{\376\377\000C\000o\000n\000t\000r\000i\000b\000u\000t\000i\000o\000n\000s}{chapter.7}% 104
\BOOKMARK [1][-]{section.7.3}{\376\377\000R\000e\000c\000o\000m\000m\000e\000n\000d\000a\000t\000i\000o\000n\000s}{chapter.7}% 105
\BOOKMARK [1][-]{section.7.4}{\376\377\000F\000u\000t\000u\000r\000e\000\040\000P\000r\000o\000s\000p\000e\000c\000t\000s}{chapter.7}% 106
\BOOKMARK [0][-]{chapter*.51}{\376\377\000R\000e\000f\000e\000r\000e\000n\000c\000e\000s}{}% 107
\BOOKMARK [0][-]{appendix.A}{\376\377\000S\000t\000u\000d\000e\000n\000t\000\040\000R\000e\000s\000e\000a\000r\000c\000h\000\040\000E\000t\000h\000i\000c\000s\000\040\000C\000l\000e\000a\000r\000a\000n\000c\000e}{}% 108
\BOOKMARK [0][-]{appendix.B}{\376\377\000A\000n\000s\000w\000e\000r\000s\000\040\000t\000o\000\040\000Q\000u\000e\000s\000t\000i\000o\000n\000s\000\040\000t\000o\000\040\000t\000h\000i\000s\000\040\000T\000h\000e\000s\000i\000s}{}% 109
\BOOKMARK [0][-]{appendix.C}{\376\377\000R\000e\000v\000i\000s\000i\000o\000n\000s\000\040\000t\000o\000\040\000t\000h\000e\000\040\000P\000r\000o\000p\000o\000s\000a\000l}{}% 110
\BOOKMARK [0][-]{appendix.D}{\376\377\000R\000e\000v\000i\000s\000i\000o\000n\000s\000\040\000t\000o\000\040\000t\000h\000e\000\040\000F\000i\000n\000a\000l}{}% 111
\BOOKMARK [0][-]{appendix.E}{\376\377\000A\000r\000t\000i\000c\000l\000e\000\040\000P\000a\000p\000e\000r\000\050\000s\000\051}{}% 112
